<?xml version="1.0" encoding="UTF-8"?>
<testsuite xmlns:xsi="http://www.w3.org/2001/XMLSchema-instance" xsi:noNamespaceSchemaLocation="https://maven.apache.org/surefire/maven-surefire-plugin/xsd/surefire-test-report.xsd" name="me.bvn13.sdk.android.gpx.GpxWriterTest" time="0.205" tests="1" errors="0" skipped="0" failures="0">
  <properties>
    <property name="awt.toolkit" value="sun.awt.X11.XToolkit"/>
    <property name="file.encoding.pkg" value="sun.io"/>
    <property name="java.specification.version" value="1.8"/>
    <property name="sun.cpu.isalist" value=""/>
    <property name="sun.jnu.encoding" value="UTF-8"/>
    <property name="java.class.path" value="/home/bvn13/develop/GpxAndroidSdk/GpxAndroidSdk/target/test-classes:/home/bvn13/develop/GpxAndroidSdk/GpxAndroidSdk/target/classes:/home/bvn13/.m2/repository/org/jetbrains/kotlin/kotlin-test-junit5/1.7.10/kotlin-test-junit5-1.7.10.jar:/home/bvn13/.m2/repository/org/jetbrains/kotlin/kotlin-test/1.7.10/kotlin-test-1.7.10.jar:/home/bvn13/.m2/repository/org/junit/jupiter/junit-jupiter-engine/5.8.2/junit-jupiter-engine-5.8.2.jar:/home/bvn13/.m2/repository/org/junit/platform/junit-platform-engine/1.8.2/junit-platform-engine-1.8.2.jar:/home/bvn13/.m2/repository/org/apiguardian/apiguardian-api/1.1.2/apiguardian-api-1.1.2.jar:/home/bvn13/.m2/repository/org/junit/jupiter/junit-jupiter-api/5.8.2/junit-jupiter-api-5.8.2.jar:/home/bvn13/.m2/repository/org/opentest4j/opentest4j/1.2.0/opentest4j-1.2.0.jar:/home/bvn13/.m2/repository/org/junit/platform/junit-platform-commons/1.8.2/junit-platform-commons-1.8.2.jar:/home/bvn13/.m2/repository/org/jetbrains/kotlin/kotlin-stdlib-jdk8/1.7.10/kotlin-stdlib-jdk8-1.7.10.jar:/home/bvn13/.m2/repository/org/jetbrains/kotlin/kotlin-stdlib/1.7.10/kotlin-stdlib-1.7.10.jar:/home/bvn13/.m2/repository/org/jetbrains/annotations/13.0/annotations-13.0.jar:/home/bvn13/.m2/repository/org/jetbrains/kotlin/kotlin-stdlib-jdk7/1.7.10/kotlin-stdlib-jdk7-1.7.10.jar:/home/bvn13/.m2/repository/io/kotest/kotest-runner-junit5-jvm/5.4.2/kotest-runner-junit5-jvm-5.4.2.jar:/home/bvn13/.m2/repository/io/kotest/kotest-framework-api-jvm/5.4.2/kotest-framework-api-jvm-5.4.2.jar:/home/bvn13/.m2/repository/org/jetbrains/kotlinx/kotlinx-coroutines-test-jvm/1.6.4/kotlinx-coroutines-test-jvm-1.6.4.jar:/home/bvn13/.m2/repository/io/kotest/kotest-common-jvm/5.4.2/kotest-common-jvm-5.4.2.jar:/home/bvn13/.m2/repository/io/kotest/kotest-framework-engine-jvm/5.4.2/kotest-framework-engine-jvm-5.4.2.jar:/home/bvn13/.m2/repository/io/github/classgraph/classgraph/4.8.149/classgraph-4.8.149.jar:/home/bvn13/.m2/repository/com/github/ajalt/mordant/1.2.1/mordant-1.2.1.jar:/home/bvn13/.m2/repository/com/github/ajalt/colormath/1.2.0/colormath-1.2.0.jar:/home/bvn13/.m2/repository/org/jetbrains/kotlinx/kotlinx-coroutines-debug/1.6.4/kotlinx-coroutines-debug-1.6.4.jar:/home/bvn13/.m2/repository/net/java/dev/jna/jna/5.9.0/jna-5.9.0.jar:/home/bvn13/.m2/repository/net/java/dev/jna/jna-platform/5.9.0/jna-platform-5.9.0.jar:/home/bvn13/.m2/repository/net/bytebuddy/byte-buddy/1.10.9/byte-buddy-1.10.9.jar:/home/bvn13/.m2/repository/net/bytebuddy/byte-buddy-agent/1.10.9/byte-buddy-agent-1.10.9.jar:/home/bvn13/.m2/repository/io/kotest/kotest-framework-discovery-jvm/5.4.2/kotest-framework-discovery-jvm-5.4.2.jar:/home/bvn13/.m2/repository/io/kotest/kotest-extensions-jvm/5.4.2/kotest-extensions-jvm-5.4.2.jar:/home/bvn13/.m2/repository/commons-io/commons-io/2.11.0/commons-io-2.11.0.jar:/home/bvn13/.m2/repository/io/mockk/mockk/1.12.5/mockk-1.12.5.jar:/home/bvn13/.m2/repository/io/mockk/mockk-common/1.12.5/mockk-common-1.12.5.jar:/home/bvn13/.m2/repository/io/mockk/mockk-dsl/1.12.5/mockk-dsl-1.12.5.jar:/home/bvn13/.m2/repository/io/mockk/mockk-dsl-jvm/1.12.5/mockk-dsl-jvm-1.12.5.jar:/home/bvn13/.m2/repository/io/mockk/mockk-agent-jvm/1.12.5/mockk-agent-jvm-1.12.5.jar:/home/bvn13/.m2/repository/io/mockk/mockk-agent-api/1.12.5/mockk-agent-api-1.12.5.jar:/home/bvn13/.m2/repository/io/mockk/mockk-agent-common/1.12.5/mockk-agent-common-1.12.5.jar:/home/bvn13/.m2/repository/org/objenesis/objenesis/3.2/objenesis-3.2.jar:/home/bvn13/.m2/repository/io/kotest/kotest-framework-concurrency-jvm/5.4.2/kotest-framework-concurrency-jvm-5.4.2.jar:/home/bvn13/.m2/repository/org/jetbrains/kotlinx/kotlinx-coroutines-core-jvm/1.6.4/kotlinx-coroutines-core-jvm-1.6.4.jar:/home/bvn13/.m2/repository/org/junit/platform/junit-platform-suite-api/1.7.2/junit-platform-suite-api-1.7.2.jar:/home/bvn13/.m2/repository/org/junit/platform/junit-platform-launcher/1.7.2/junit-platform-launcher-1.7.2.jar:/home/bvn13/.m2/repository/org/jetbrains/kotlin/kotlin-reflect/1.6.21/kotlin-reflect-1.6.21.jar:/home/bvn13/.m2/repository/io/kotest/kotest-assertions-core-jvm/5.4.2/kotest-assertions-core-jvm-5.4.2.jar:/home/bvn13/.m2/repository/io/kotest/kotest-assertions-shared-jvm/5.4.2/kotest-assertions-shared-jvm-5.4.2.jar:/home/bvn13/.m2/repository/io/github/java-diff-utils/java-diff-utils/4.12/java-diff-utils-4.12.jar:/home/bvn13/.m2/repository/org/jetbrains/kotlin/kotlin-stdlib-common/1.6.21/kotlin-stdlib-common-1.6.21.jar:/home/bvn13/.m2/repository/org/jetbrains/kotlinx/kotlinx-coroutines-jdk8/1.6.4/kotlinx-coroutines-jdk8-1.6.4.jar:/home/bvn13/.m2/repository/io/kotest/kotest-assertions-api-jvm/5.4.2/kotest-assertions-api-jvm-5.4.2.jar:"/>
    <property name="java.vm.vendor" value="Red Hat, Inc."/>
    <property name="sun.arch.data.model" value="64"/>
    <property name="java.vendor.url" value="https://www.redhat.com/"/>
    <property name="user.timezone" value=""/>
    <property name="java.vm.specification.version" value="1.8"/>
    <property name="os.name" value="Linux"/>
    <property name="user.country" value="US"/>
    <property name="sun.java.launcher" value="SUN_STANDARD"/>
    <property name="sun.boot.library.path" value="/usr/lib/jvm/java-1.8.0-openjdk-1.8.0.345.b01-1.fc36.x86_64/jre/lib/amd64"/>
    <property name="sun.java.command" value="/home/bvn13/develop/GpxAndroidSdk/GpxAndroidSdk/target/surefire/surefirebooter2288107061283020216.jar /home/bvn13/develop/GpxAndroidSdk/GpxAndroidSdk/target/surefire 2022-09-25T00-07-02_516-jvmRun1 surefire3935311203097038928tmp surefire_07135688762883208761tmp"/>
    <property name="surefire.test.class.path" value="/home/bvn13/develop/GpxAndroidSdk/GpxAndroidSdk/target/test-classes:/home/bvn13/develop/GpxAndroidSdk/GpxAndroidSdk/target/classes:/home/bvn13/.m2/repository/org/jetbrains/kotlin/kotlin-test-junit5/1.7.10/kotlin-test-junit5-1.7.10.jar:/home/bvn13/.m2/repository/org/jetbrains/kotlin/kotlin-test/1.7.10/kotlin-test-1.7.10.jar:/home/bvn13/.m2/repository/org/junit/jupiter/junit-jupiter-engine/5.8.2/junit-jupiter-engine-5.8.2.jar:/home/bvn13/.m2/repository/org/junit/platform/junit-platform-engine/1.8.2/junit-platform-engine-1.8.2.jar:/home/bvn13/.m2/repository/org/apiguardian/apiguardian-api/1.1.2/apiguardian-api-1.1.2.jar:/home/bvn13/.m2/repository/org/junit/jupiter/junit-jupiter-api/5.8.2/junit-jupiter-api-5.8.2.jar:/home/bvn13/.m2/repository/org/opentest4j/opentest4j/1.2.0/opentest4j-1.2.0.jar:/home/bvn13/.m2/repository/org/junit/platform/junit-platform-commons/1.8.2/junit-platform-commons-1.8.2.jar:/home/bvn13/.m2/repository/org/jetbrains/kotlin/kotlin-stdlib-jdk8/1.7.10/kotlin-stdlib-jdk8-1.7.10.jar:/home/bvn13/.m2/repository/org/jetbrains/kotlin/kotlin-stdlib/1.7.10/kotlin-stdlib-1.7.10.jar:/home/bvn13/.m2/repository/org/jetbrains/annotations/13.0/annotations-13.0.jar:/home/bvn13/.m2/repository/org/jetbrains/kotlin/kotlin-stdlib-jdk7/1.7.10/kotlin-stdlib-jdk7-1.7.10.jar:/home/bvn13/.m2/repository/io/kotest/kotest-runner-junit5-jvm/5.4.2/kotest-runner-junit5-jvm-5.4.2.jar:/home/bvn13/.m2/repository/io/kotest/kotest-framework-api-jvm/5.4.2/kotest-framework-api-jvm-5.4.2.jar:/home/bvn13/.m2/repository/org/jetbrains/kotlinx/kotlinx-coroutines-test-jvm/1.6.4/kotlinx-coroutines-test-jvm-1.6.4.jar:/home/bvn13/.m2/repository/io/kotest/kotest-common-jvm/5.4.2/kotest-common-jvm-5.4.2.jar:/home/bvn13/.m2/repository/io/kotest/kotest-framework-engine-jvm/5.4.2/kotest-framework-engine-jvm-5.4.2.jar:/home/bvn13/.m2/repository/io/github/classgraph/classgraph/4.8.149/classgraph-4.8.149.jar:/home/bvn13/.m2/repository/com/github/ajalt/mordant/1.2.1/mordant-1.2.1.jar:/home/bvn13/.m2/repository/com/github/ajalt/colormath/1.2.0/colormath-1.2.0.jar:/home/bvn13/.m2/repository/org/jetbrains/kotlinx/kotlinx-coroutines-debug/1.6.4/kotlinx-coroutines-debug-1.6.4.jar:/home/bvn13/.m2/repository/net/java/dev/jna/jna/5.9.0/jna-5.9.0.jar:/home/bvn13/.m2/repository/net/java/dev/jna/jna-platform/5.9.0/jna-platform-5.9.0.jar:/home/bvn13/.m2/repository/net/bytebuddy/byte-buddy/1.10.9/byte-buddy-1.10.9.jar:/home/bvn13/.m2/repository/net/bytebuddy/byte-buddy-agent/1.10.9/byte-buddy-agent-1.10.9.jar:/home/bvn13/.m2/repository/io/kotest/kotest-framework-discovery-jvm/5.4.2/kotest-framework-discovery-jvm-5.4.2.jar:/home/bvn13/.m2/repository/io/kotest/kotest-extensions-jvm/5.4.2/kotest-extensions-jvm-5.4.2.jar:/home/bvn13/.m2/repository/commons-io/commons-io/2.11.0/commons-io-2.11.0.jar:/home/bvn13/.m2/repository/io/mockk/mockk/1.12.5/mockk-1.12.5.jar:/home/bvn13/.m2/repository/io/mockk/mockk-common/1.12.5/mockk-common-1.12.5.jar:/home/bvn13/.m2/repository/io/mockk/mockk-dsl/1.12.5/mockk-dsl-1.12.5.jar:/home/bvn13/.m2/repository/io/mockk/mockk-dsl-jvm/1.12.5/mockk-dsl-jvm-1.12.5.jar:/home/bvn13/.m2/repository/io/mockk/mockk-agent-jvm/1.12.5/mockk-agent-jvm-1.12.5.jar:/home/bvn13/.m2/repository/io/mockk/mockk-agent-api/1.12.5/mockk-agent-api-1.12.5.jar:/home/bvn13/.m2/repository/io/mockk/mockk-agent-common/1.12.5/mockk-agent-common-1.12.5.jar:/home/bvn13/.m2/repository/org/objenesis/objenesis/3.2/objenesis-3.2.jar:/home/bvn13/.m2/repository/io/kotest/kotest-framework-concurrency-jvm/5.4.2/kotest-framework-concurrency-jvm-5.4.2.jar:/home/bvn13/.m2/repository/org/jetbrains/kotlinx/kotlinx-coroutines-core-jvm/1.6.4/kotlinx-coroutines-core-jvm-1.6.4.jar:/home/bvn13/.m2/repository/org/junit/platform/junit-platform-suite-api/1.7.2/junit-platform-suite-api-1.7.2.jar:/home/bvn13/.m2/repository/org/junit/platform/junit-platform-launcher/1.7.2/junit-platform-launcher-1.7.2.jar:/home/bvn13/.m2/repository/org/jetbrains/kotlin/kotlin-reflect/1.6.21/kotlin-reflect-1.6.21.jar:/home/bvn13/.m2/repository/io/kotest/kotest-assertions-core-jvm/5.4.2/kotest-assertions-core-jvm-5.4.2.jar:/home/bvn13/.m2/repository/io/kotest/kotest-assertions-shared-jvm/5.4.2/kotest-assertions-shared-jvm-5.4.2.jar:/home/bvn13/.m2/repository/io/github/java-diff-utils/java-diff-utils/4.12/java-diff-utils-4.12.jar:/home/bvn13/.m2/repository/org/jetbrains/kotlin/kotlin-stdlib-common/1.6.21/kotlin-stdlib-common-1.6.21.jar:/home/bvn13/.m2/repository/org/jetbrains/kotlinx/kotlinx-coroutines-jdk8/1.6.4/kotlinx-coroutines-jdk8-1.6.4.jar:/home/bvn13/.m2/repository/io/kotest/kotest-assertions-api-jvm/5.4.2/kotest-assertions-api-jvm-5.4.2.jar:"/>
    <property name="sun.cpu.endian" value="little"/>
    <property name="user.home" value="/home/bvn13"/>
    <property name="user.language" value="en"/>
    <property name="java.specification.vendor" value="Oracle Corporation"/>
    <property name="java.home" value="/usr/lib/jvm/java-1.8.0-openjdk-1.8.0.345.b01-1.fc36.x86_64/jre"/>
    <property name="basedir" value="/home/bvn13/develop/GpxAndroidSdk/GpxAndroidSdk"/>
    <property name="file.separator" value="/"/>
    <property name="line.separator" value="&#10;"/>
    <property name="java.vm.specification.vendor" value="Oracle Corporation"/>
    <property name="java.specification.name" value="Java Platform API Specification"/>
    <property name="java.awt.graphicsenv" value="sun.awt.X11GraphicsEnvironment"/>
    <property name="surefire.real.class.path" value="/home/bvn13/develop/GpxAndroidSdk/GpxAndroidSdk/target/surefire/surefirebooter2288107061283020216.jar"/>
    <property name="sun.boot.class.path" value="/usr/lib/jvm/java-1.8.0-openjdk-1.8.0.345.b01-1.fc36.x86_64/jre/lib/resources.jar:/usr/lib/jvm/java-1.8.0-openjdk-1.8.0.345.b01-1.fc36.x86_64/jre/lib/rt.jar:/usr/lib/jvm/java-1.8.0-openjdk-1.8.0.345.b01-1.fc36.x86_64/jre/lib/sunrsasign.jar:/usr/lib/jvm/java-1.8.0-openjdk-1.8.0.345.b01-1.fc36.x86_64/jre/lib/jsse.jar:/usr/lib/jvm/java-1.8.0-openjdk-1.8.0.345.b01-1.fc36.x86_64/jre/lib/jce.jar:/usr/lib/jvm/java-1.8.0-openjdk-1.8.0.345.b01-1.fc36.x86_64/jre/lib/charsets.jar:/usr/lib/jvm/java-1.8.0-openjdk-1.8.0.345.b01-1.fc36.x86_64/jre/lib/jfr.jar:/usr/lib/jvm/java-1.8.0-openjdk-1.8.0.345.b01-1.fc36.x86_64/jre/classes"/>
    <property name="sun.management.compiler" value="HotSpot 64-Bit Tiered Compilers"/>
    <property name="java.runtime.version" value="1.8.0_345-b01"/>
    <property name="user.name" value="bvn13"/>
    <property name="path.separator" value=":"/>
    <property name="os.version" value="5.19.9-200.fc36.x86_64"/>
    <property name="java.endorsed.dirs" value="/usr/lib/jvm/java-1.8.0-openjdk-1.8.0.345.b01-1.fc36.x86_64/jre/lib/endorsed"/>
    <property name="java.runtime.name" value="OpenJDK Runtime Environment"/>
    <property name="file.encoding" value="UTF-8"/>
    <property name="java.vm.name" value="OpenJDK 64-Bit Server VM"/>
    <property name="localRepository" value="/home/bvn13/.m2/repository"/>
    <property name="java.vendor.url.bug" value="https://bugzilla.redhat.com/enter_bug.cgi?product=Fedora&amp;component=java-1.8.0-openjdk&amp;version=36"/>
    <property name="java.io.tmpdir" value="/tmp"/>
    <property name="idea.version" value="2022.2.1"/>
    <property name="java.version" value="1.8.0_345"/>
    <property name="user.dir" value="/home/bvn13/develop/GpxAndroidSdk/GpxAndroidSdk"/>
    <property name="os.arch" value="amd64"/>
    <property name="java.vm.specification.name" value="Java Virtual Machine Specification"/>
    <property name="java.awt.printerjob" value="sun.print.PSPrinterJob"/>
    <property name="sun.os.patch.level" value="unknown"/>
    <property name="java.library.path" value="/usr/java/packages/lib/amd64:/usr/lib64:/lib64:/lib:/usr/lib"/>
    <property name="java.vm.info" value="mixed mode"/>
    <property name="java.vendor" value="Red Hat, Inc."/>
    <property name="java.vm.version" value="25.345-b01"/>
    <property name="java.ext.dirs" value="/usr/lib/jvm/java-1.8.0-openjdk-1.8.0.345.b01-1.fc36.x86_64/jre/lib/ext:/usr/java/packages/lib/ext"/>
    <property name="sun.io.unicode.encoding" value="UnicodeLittle"/>
    <property name="java.class.version" value="52.0"/>
  </properties>
  <testcase name="first test" classname="me.bvn13.sdk.android.gpx.GpxWriterTest" time="0.105"/>
</testsuite>